<?xml version="1.0" encoding="UTF-8"?>
<testsuite xmlns:xsi="http://www.w3.org/2001/XMLSchema-instance" xsi:noNamespaceSchemaLocation="https://maven.apache.org/surefire/maven-surefire-plugin/xsd/surefire-test-report.xsd" name="FeatureFiles.TestRunner" time="4.699" tests="2" errors="1" skipped="0" failures="0">
  <properties>
[...]
</properties>
  <testcase name="[1:4] Test" classname="[FeatureFiles/Test] Sample API test" time="1.086"/>
  <testcase name="[2:11] Testing" classname="[FeatureFiles/Test] Sample API test" time="0.175">
    <error message="status code was: 200, expected: 400, response time in milliseconds: 144, url: https://reqres.in/api/users/2, response: &#10;{&quot;data&quot;:{&quot;id&quot;:2,&quot;email&quot;:&quot;janet.weaver@reqres.in&quot;,&quot;first_name&quot;:&quot;Janet&quot;,&quot;last_name&quot;:&quot;Weaver&quot;,&quot;avatar&quot;:&quot;https://reqres.in/img/faces/2-image.jpg&quot;},&quot;support&quot;:{&quot;url&quot;:&quot;https://reqres.in/#support-heading&quot;,&quot;text&quot;:&quot;To keep ReqRes free, contributions towards server costs are appreciated!&quot;}}&#10;classpath:FeatureFiles/Test.feature:14" type="com.intuit.karate.KarateException">com.intuit.karate.KarateException: 
status code was: 200, expected: 400, response time in milliseconds: 144, url: https://reqres.in/api/users/2, response: 
{"data":{"id":2,"email":"janet.weaver@reqres.in","first_name":"Janet","last_name":"Weaver","avatar":"https://reqres.in/img/faces/2-image.jpg"},"support":{"url":"https://reqres.in/#support-heading","text":"To keep ReqRes free, contributions towards server costs are appreciated!"}}
classpath:FeatureFiles/Test.feature:14
</error>
    <system-out><![CDATA[21:39:21.208 [main] DEBUG karate.org.apache.http.client.protocol.RequestAddCookies - CookieSpec selected: karate
21:39:21.208 [main] DEBUG karate.org.apache.http.client.protocol.RequestAuthCache - Auth cache not set in the context
21:39:21.209 [main] DEBUG com.intuit.karate - request:
1 > GET https://reqres.in/api/users/2
1 > Host: reqres.in
1 > Connection: Keep-Alive
1 > User-Agent: Apache-HttpClient/4.5.13 (Java/17)
1 > Accept-Encoding: gzip,deflate


21:39:21.209 [main] DEBUG karate.org.apache.http.impl.conn.PoolingHttpClientConnectionManager - Connection request: [route: {s}->https://reqres.in:443][total available: 0; route allocated: 0 of 5; total allocated: 0 of 10]
21:39:21.209 [main] DEBUG karate.org.apache.http.impl.conn.PoolingHttpClientConnectionManager - Connection leased: [id: 1][route: {s}->https://reqres.in:443][total available: 0; route allocated: 1 of 5; total allocated: 1 of 10]
21:39:21.209 [main] DEBUG karate.org.apache.http.impl.execchain.MainClientExec - Opening connection {s}->https://reqres.in:443
21:39:21.210 [main] DEBUG karate.org.apache.http.impl.conn.DefaultHttpClientConnectionOperator - Connecting to reqres.in/104.21.59.93:443
21:39:21.210 [main] DEBUG karate.org.apache.http.conn.ssl.SSLConnectionSocketFactory - Connecting socket to reqres.in/104.21.59.93:443 with timeout 30000
21:39:21.245 [main] DEBUG karate.org.apache.http.conn.ssl.SSLConnectionSocketFactory - Enabled protocols: [TLSv1.3, TLSv1.2]
21:39:21.246 [main] DEBUG karate.org.apache.http.conn.ssl.SSLConnectionSocketFactory - Enabled cipher suites:[TLS_AES_256_GCM_SHA384, TLS_AES_128_GCM_SHA256, TLS_CHACHA20_POLY1305_SHA256, TLS_ECDHE_ECDSA_WITH_AES_256_GCM_SHA384, TLS_ECDHE_ECDSA_WITH_AES_128_GCM_SHA256, TLS_ECDHE_ECDSA_WITH_CHACHA20_POLY1305_SHA256, TLS_ECDHE_RSA_WITH_AES_256_GCM_SHA384, TLS_ECDHE_RSA_WITH_CHACHA20_POLY1305_SHA256, TLS_ECDHE_RSA_WITH_AES_128_GCM_SHA256, TLS_DHE_RSA_WITH_AES_256_GCM_SHA384, TLS_DHE_RSA_WITH_CHACHA20_POLY1305_SHA256, TLS_DHE_DSS_WITH_AES_256_GCM_SHA384, TLS_DHE_RSA_WITH_AES_128_GCM_SHA256, TLS_DHE_DSS_WITH_AES_128_GCM_SHA256, TLS_ECDHE_ECDSA_WITH_AES_256_CBC_SHA384, TLS_ECDHE_RSA_WITH_AES_256_CBC_SHA384, TLS_ECDHE_ECDSA_WITH_AES_128_CBC_SHA256, TLS_ECDHE_RSA_WITH_AES_128_CBC_SHA256, TLS_DHE_RSA_WITH_AES_256_CBC_SHA256, TLS_DHE_DSS_WITH_AES_256_CBC_SHA256, TLS_DHE_RSA_WITH_AES_128_CBC_SHA256, TLS_DHE_DSS_WITH_AES_128_CBC_SHA256, TLS_ECDH_ECDSA_WITH_AES_256_GCM_SHA384, TLS_ECDH_RSA_WITH_AES_256_GCM_SHA384, TLS_ECDH_ECDSA_WITH_AES_128_GCM_SHA256, TLS_ECDH_RSA_WITH_AES_128_GCM_SHA256, TLS_ECDH_ECDSA_WITH_AES_256_CBC_SHA384, TLS_ECDH_RSA_WITH_AES_256_CBC_SHA384, TLS_ECDH_ECDSA_WITH_AES_128_CBC_SHA256, TLS_ECDH_RSA_WITH_AES_128_CBC_SHA256, TLS_ECDHE_ECDSA_WITH_AES_256_CBC_SHA, TLS_ECDHE_RSA_WITH_AES_256_CBC_SHA, TLS_ECDHE_ECDSA_WITH_AES_128_CBC_SHA, TLS_ECDHE_RSA_WITH_AES_128_CBC_SHA, TLS_DHE_RSA_WITH_AES_256_CBC_SHA, TLS_DHE_DSS_WITH_AES_256_CBC_SHA, TLS_DHE_RSA_WITH_AES_128_CBC_SHA, TLS_DHE_DSS_WITH_AES_128_CBC_SHA, TLS_ECDH_ECDSA_WITH_AES_256_CBC_SHA, TLS_ECDH_RSA_WITH_AES_256_CBC_SHA, TLS_ECDH_ECDSA_WITH_AES_128_CBC_SHA, TLS_ECDH_RSA_WITH_AES_128_CBC_SHA, TLS_RSA_WITH_AES_256_GCM_SHA384, TLS_RSA_WITH_AES_128_GCM_SHA256, TLS_RSA_WITH_AES_256_CBC_SHA256, TLS_RSA_WITH_AES_128_CBC_SHA256, TLS_RSA_WITH_AES_256_CBC_SHA, TLS_RSA_WITH_AES_128_CBC_SHA, TLS_EMPTY_RENEGOTIATION_INFO_SCSV]
21:39:21.246 [main] DEBUG karate.org.apache.http.conn.ssl.SSLConnectionSocketFactory - Starting handshake
21:39:21.301 [main] DEBUG karate.org.apache.http.conn.ssl.SSLConnectionSocketFactory - Secure session established
21:39:21.301 [main] DEBUG karate.org.apache.http.conn.ssl.SSLConnectionSocketFactory -  negotiated protocol: TLSv1.3
21:39:21.301 [main] DEBUG karate.org.apache.http.conn.ssl.SSLConnectionSocketFactory -  negotiated cipher suite: TLS_AES_256_GCM_SHA384
21:39:21.301 [main] DEBUG karate.org.apache.http.conn.ssl.SSLConnectionSocketFactory -  peer principal: CN=sni.cloudflaressl.com, O="Cloudflare, Inc.", L=San Francisco, ST=California, C=US
21:39:21.301 [main] DEBUG karate.org.apache.http.conn.ssl.SSLConnectionSocketFactory -  peer alternative names: [*.reqres.in, reqres.in, sni.cloudflaressl.com]
21:39:21.301 [main] DEBUG karate.org.apache.http.conn.ssl.SSLConnectionSocketFactory -  issuer principal: CN=Cloudflare Inc ECC CA-3, O="Cloudflare, Inc.", C=US
21:39:21.302 [main] DEBUG karate.org.apache.http.impl.conn.DefaultHttpClientConnectionOperator - Connection established 192.168.0.100:58689<->104.21.59.93:443
21:39:21.302 [main] DEBUG karate.org.apache.http.impl.conn.DefaultManagedHttpClientConnection - http-outgoing-1: set socket timeout to 30000
21:39:21.302 [main] DEBUG karate.org.apache.http.impl.execchain.MainClientExec - Executing request GET /api/users/2 HTTP/1.1
21:39:21.302 [main] DEBUG karate.org.apache.http.impl.execchain.MainClientExec - Target auth state: UNCHALLENGED
21:39:21.302 [main] DEBUG karate.org.apache.http.impl.execchain.MainClientExec - Proxy auth state: UNCHALLENGED
21:39:21.302 [main] DEBUG karate.org.apache.http.headers - http-outgoing-1 >> GET /api/users/2 HTTP/1.1
21:39:21.302 [main] DEBUG karate.org.apache.http.headers - http-outgoing-1 >> Host: reqres.in
21:39:21.302 [main] DEBUG karate.org.apache.http.headers - http-outgoing-1 >> Connection: Keep-Alive
21:39:21.302 [main] DEBUG karate.org.apache.http.headers - http-outgoing-1 >> User-Agent: Apache-HttpClient/4.5.13 (Java/17)
21:39:21.302 [main] DEBUG karate.org.apache.http.headers - http-outgoing-1 >> Accept-Encoding: gzip,deflate
21:39:21.302 [main] DEBUG karate.org.apache.http.wire - http-outgoing-1 >> "GET /api/users/2 HTTP/1.1[\r][\n]"
21:39:21.302 [main] DEBUG karate.org.apache.http.wire - http-outgoing-1 >> "Host: reqres.in[\r][\n]"
21:39:21.302 [main] DEBUG karate.org.apache.http.wire - http-outgoing-1 >> "Connection: Keep-Alive[\r][\n]"
21:39:21.303 [main] DEBUG karate.org.apache.http.wire - http-outgoing-1 >> "User-Agent: Apache-HttpClient/4.5.13 (Java/17)[\r][\n]"
21:39:21.303 [main] DEBUG karate.org.apache.http.wire - http-outgoing-1 >> "Accept-Encoding: gzip,deflate[\r][\n]"
21:39:21.303 [main] DEBUG karate.org.apache.http.wire - http-outgoing-1 >> "[\r][\n]"
21:39:21.350 [main] DEBUG karate.org.apache.http.wire - http-outgoing-1 << "HTTP/1.1 200 OK[\r][\n]"
21:39:21.350 [main] DEBUG karate.org.apache.http.wire - http-outgoing-1 << "Date: Sun, 26 Sep 2021 16:09:22 GMT[\r][\n]"
21:39:21.350 [main] DEBUG karate.org.apache.http.wire - http-outgoing-1 << "Content-Type: application/json; charset=utf-8[\r][\n]"
21:39:21.350 [main] DEBUG karate.org.apache.http.wire - http-outgoing-1 << "Transfer-Encoding: chunked[\r][\n]"
21:39:21.350 [main] DEBUG karate.org.apache.http.wire - http-outgoing-1 << "Connection: keep-alive[\r][\n]"
21:39:21.350 [main] DEBUG karate.org.apache.http.wire - http-outgoing-1 << "x-powered-by: Express[\r][\n]"
21:39:21.350 [main] DEBUG karate.org.apache.http.wire - http-outgoing-1 << "access-control-allow-origin: *[\r][\n]"
21:39:21.350 [main] DEBUG karate.org.apache.http.wire - http-outgoing-1 << "etag: W/"118-pbdwwFo9SKNhD3Lx5iHJyngpq00"[\r][\n]"
21:39:21.350 [main] DEBUG karate.org.apache.http.wire - http-outgoing-1 << "via: 1.1 vegur[\r][\n]"
21:39:21.350 [main] DEBUG karate.org.apache.http.wire - http-outgoing-1 << "Cache-Control: max-age=14400[\r][\n]"
21:39:21.350 [main] DEBUG karate.org.apache.http.wire - http-outgoing-1 << "CF-Cache-Status: HIT[\r][\n]"
21:39:21.350 [main] DEBUG karate.org.apache.http.wire - http-outgoing-1 << "Age: 1541[\r][\n]"
21:39:21.350 [main] DEBUG karate.org.apache.http.wire - http-outgoing-1 << "Expect-CT: max-age=604800, report-uri="https://report-uri.cloudflare.com/cdn-cgi/beacon/expect-ct"[\r][\n]"
21:39:21.350 [main] DEBUG karate.org.apache.http.wire - http-outgoing-1 << "Report-To: {"endpoints":[{"url":"https:\/\/a.nel.cloudflare.com\/report\/v3?s=gXw2KEDXBAWERj1RzGxajxIMt5qXIve%2FrpW7QCW%2FlXcplt1kK6AHNVghnBMp3GU687CJNtHGWlixeAMR6yTkbPsGOYFUFSt79zrQRHbdKmxBFm52L%2BEGgKr1SHg%3D"}],"group":"cf-nel","max_age":604800}[\r][\n]"
21:39:21.350 [main] DEBUG karate.org.apache.http.wire - http-outgoing-1 << "NEL: {"success_fraction":0,"report_to":"cf-nel","max_age":604800}[\r][\n]"
21:39:21.351 [main] DEBUG karate.org.apache.http.wire - http-outgoing-1 << "Vary: Accept-Encoding[\r][\n]"
21:39:21.351 [main] DEBUG karate.org.apache.http.wire - http-outgoing-1 << "Server: cloudflare[\r][\n]"
21:39:21.351 [main] DEBUG karate.org.apache.http.wire - http-outgoing-1 << "CF-RAY: 694dc1994c2f4b17-HYD[\r][\n]"
21:39:21.351 [main] DEBUG karate.org.apache.http.wire - http-outgoing-1 << "Content-Encoding: gzip[\r][\n]"
21:39:21.351 [main] DEBUG karate.org.apache.http.wire - http-outgoing-1 << "alt-svc: h3=":443"; ma=86400, h3-29=":443"; ma=86400, h3-28=":443"; ma=86400, h3-27=":443"; ma=86400[\r][\n]"
21:39:21.351 [main] DEBUG karate.org.apache.http.wire - http-outgoing-1 << "[\r][\n]"
21:39:21.351 [main] DEBUG karate.org.apache.http.wire - http-outgoing-1 << "d0[\r][\n]"
21:39:21.351 [main] DEBUG karate.org.apache.http.wire - http-outgoing-1 << "[0x1f][0x8b][0x8][0x0][0x0][0x0][0x0][0x0][0x0][0x3]m[0x8e][0xb1]j[0xc3]0[0x14]EE[0xbd]Y[0x15][0x1b]2j[0xea][0xdc]1[0x14]:[0x96]W[0xfb][0xda]QjK[0xca][0xd3][0xb3][0x13][0x8][0xfe][0xf7][0x92]R[0xda][0xa5][0xeb][0xe5][0x9c][0xc3][0xbd][0xa3][0x17][0x13][0x84];b[0x8f]p[0xf0][0xe0],qB[0xc0]Y[0x12][0xad][0xb9]RV[0xea][0xb3][0xf2][0xa2][0xac]ML[0xf0][0x18][0xa2]V{O2[0x13][0x1]/[0xf][\n]"
21:39:21.351 [main] DEBUG karate.org.apache.http.wire - http-outgoing-1 << "[0x1e][0x93][0xfc]mo[0xdf][0xe]<d[0x15][0x13]E[0xc0][0xc9][0xac][0xd4][0xd0][0xb6][0xbf][0x99]6[0xce]c;H[0xc7][0xda][0x1e][0xf6]q[0x96][0x91][0xcd][0xb9][0x8c][0xd8]<[0xea]RJV{[0x1c]Zt[0xfa][0xd7][0xdd][0xfd]0[0xfb][0x13][0xa5][0x8f]i[0x84][0x87][0xf1]f[0x8]x[0xcd][0xee][0x93],[0xee][0xc8][0xcb][0x91][0xd5][\r]Jz[0xd7][0xe5]d[0x1a]?[0x16][0x8b]9Ug[0xf9]*[0xda]WW[0xa9]+[0xd5]u[0xb9]Zu[0xa2]tR[0x8a][0xb2][0x8b]b[0xec][0x9f][0xb0]m_[0xb][0x8c][0xc5][0xb5][0x18][0x1][0x0][0x0][\r][\n]"
21:39:21.351 [main] DEBUG karate.org.apache.http.headers - http-outgoing-1 << HTTP/1.1 200 OK
21:39:21.351 [main] DEBUG karate.org.apache.http.headers - http-outgoing-1 << Date: Sun, 26 Sep 2021 16:09:22 GMT
21:39:21.351 [main] DEBUG karate.org.apache.http.headers - http-outgoing-1 << Content-Type: application/json; charset=utf-8
21:39:21.352 [main] DEBUG karate.org.apache.http.headers - http-outgoing-1 << Transfer-Encoding: chunked
21:39:21.352 [main] DEBUG karate.org.apache.http.headers - http-outgoing-1 << Connection: keep-alive
21:39:21.352 [main] DEBUG karate.org.apache.http.headers - http-outgoing-1 << x-powered-by: Express
21:39:21.352 [main] DEBUG karate.org.apache.http.headers - http-outgoing-1 << access-control-allow-origin: *
21:39:21.352 [main] DEBUG karate.org.apache.http.headers - http-outgoing-1 << etag: W/"118-pbdwwFo9SKNhD3Lx5iHJyngpq00"
21:39:21.352 [main] DEBUG karate.org.apache.http.headers - http-outgoing-1 << via: 1.1 vegur
21:39:21.352 [main] DEBUG karate.org.apache.http.headers - http-outgoing-1 << Cache-Control: max-age=14400
21:39:21.352 [main] DEBUG karate.org.apache.http.headers - http-outgoing-1 << CF-Cache-Status: HIT
21:39:21.352 [main] DEBUG karate.org.apache.http.headers - http-outgoing-1 << Age: 1541
21:39:21.352 [main] DEBUG karate.org.apache.http.headers - http-outgoing-1 << Expect-CT: max-age=604800, report-uri="https://report-uri.cloudflare.com/cdn-cgi/beacon/expect-ct"
21:39:21.352 [main] DEBUG karate.org.apache.http.headers - http-outgoing-1 << Report-To: {"endpoints":[{"url":"https:\/\/a.nel.cloudflare.com\/report\/v3?s=gXw2KEDXBAWERj1RzGxajxIMt5qXIve%2FrpW7QCW%2FlXcplt1kK6AHNVghnBMp3GU687CJNtHGWlixeAMR6yTkbPsGOYFUFSt79zrQRHbdKmxBFm52L%2BEGgKr1SHg%3D"}],"group":"cf-nel","max_age":604800}
21:39:21.352 [main] DEBUG karate.org.apache.http.headers - http-outgoing-1 << NEL: {"success_fraction":0,"report_to":"cf-nel","max_age":604800}
21:39:21.352 [main] DEBUG karate.org.apache.http.headers - http-outgoing-1 << Vary: Accept-Encoding
21:39:21.352 [main] DEBUG karate.org.apache.http.headers - http-outgoing-1 << Server: cloudflare
21:39:21.352 [main] DEBUG karate.org.apache.http.headers - http-outgoing-1 << CF-RAY: 694dc1994c2f4b17-HYD
21:39:21.352 [main] DEBUG karate.org.apache.http.headers - http-outgoing-1 << Content-Encoding: gzip
21:39:21.352 [main] DEBUG karate.org.apache.http.headers - http-outgoing-1 << alt-svc: h3=":443"; ma=86400, h3-29=":443"; ma=86400, h3-28=":443"; ma=86400, h3-27=":443"; ma=86400
21:39:21.352 [main] DEBUG karate.org.apache.http.impl.execchain.MainClientExec - Connection can be kept alive indefinitely
21:39:21.353 [main] DEBUG com.intuit.karate - response time in milliseconds: 144
1 < 200
1 < Date: Sun, 26 Sep 2021 16:09:22 GMT
1 < Content-Type: application/json; charset=utf-8
1 < Transfer-Encoding: chunked
1 < Connection: keep-alive
1 < x-powered-by: Express
1 < access-control-allow-origin: *
1 < etag: W/"118-pbdwwFo9SKNhD3Lx5iHJyngpq00"
1 < via: 1.1 vegur
1 < Cache-Control: max-age=14400
1 < CF-Cache-Status: HIT
1 < Age: 1541
1 < Expect-CT: max-age=604800, report-uri="https://report-uri.cloudflare.com/cdn-cgi/beacon/expect-ct"
1 < Report-To: {"endpoints":[{"url":"https:\/\/a.nel.cloudflare.com\/report\/v3?s=gXw2KEDXBAWERj1RzGxajxIMt5qXIve%2FrpW7QCW%2FlXcplt1kK6AHNVghnBMp3GU687CJNtHGWlixeAMR6yTkbPsGOYFUFSt79zrQRHbdKmxBFm52L%2BEGgKr1SHg%3D"}],"group":"cf-nel","max_age":604800}
1 < NEL: {"success_fraction":0,"report_to":"cf-nel","max_age":604800}
1 < Vary: Accept-Encoding
1 < Server: cloudflare
1 < CF-RAY: 694dc1994c2f4b17-HYD
1 < alt-svc: h3=":443"; ma=86400, h3-29=":443"; ma=86400, h3-28=":443"; ma=86400, h3-27=":443"; ma=86400
{"data":{"id":2,"email":"janet.weaver@reqres.in","first_name":"Janet","last_name":"Weaver","avatar":"https://reqres.in/img/faces/2-image.jpg"},"support":{"url":"https://reqres.in/#support-heading","text":"To keep ReqRes free, contributions towards server costs are appreciated!"}}
21:39:21.359 [main] ERROR com.intuit.karate - classpath:FeatureFiles/Test.feature:14
Then status 400
status code was: 200, expected: 400, response time in milliseconds: 144, url: https://reqres.in/api/users/2, response: 
{"data":{"id":2,"email":"janet.weaver@reqres.in","first_name":"Janet","last_name":"Weaver","avatar":"https://reqres.in/img/faces/2-image.jpg"},"support":{"url":"https://reqres.in/#support-heading","text":"To keep ReqRes free, contributions towards server costs are appreciated!"}}
classpath:FeatureFiles/Test.feature:14
]]></system-out>
  </testcase>
</testsuite>